<?xml version="1.0" encoding="UTF-8"?>
<testng-results skipped="0" failed="0" ignored="0" total="1" passed="1">
  <reporter-output>
  </reporter-output>
  <suite name="Default suite" duration-ms="18064" started-at="2018-01-06T08:45:01Z" finished-at="2018-01-06T08:45:19Z">
    <groups>
    </groups>
    <test name="Default test" duration-ms="18064" started-at="2018-01-06T08:45:01Z" finished-at="2018-01-06T08:45:19Z">
      <class name="gitTest.GitTest">
        <test-method status="PASS" signature="loginTest()[pri:0, instance:gitTest.GitTest@687080dc]" name="loginTest" duration-ms="17975" started-at="2018-01-06T14:15:01Z" finished-at="2018-01-06T14:15:19Z">
          <reporter-output>
          </reporter-output>
        </test-method> <!-- loginTest -->
      </class> <!-- gitTest.GitTest -->
    </test> <!-- Default test -->
  </suite> <!-- Default suite -->
</testng-results>
